2012-05-18 01:53:49,799 ERROR average assessment of all parameters calculation failed: cannot concatenate 'str' and 'int' objects
2012-05-18 01:53:49,801 ERROR calculation dq failed: local variable 'avgall' referenced before assignment
2012-05-18 01:55:34,970 INFO ######################################################################################
2012-05-18 01:55:34,970 INFO start session
2012-05-18 01:55:35,730 INFO connect to db
2012-05-18 01:55:35,749 INFO list of connections loaded
2012-05-18 01:55:35,767 INFO list of connections loaded
2012-05-18 01:55:35,772 INFO listing of conneciton succesfully loading
2012-05-18 01:55:36,469 INFO connection to database. info: 192.168.56.101, 1521, orcl, artur
2012-05-18 01:55:36,473 INFO list of connections loaded
2012-05-18 01:55:36,476 INFO listing of conneciton succesfully loading
2012-05-18 01:55:36,530 INFO choose table
2012-05-18 01:55:36,572 INFO list of schemas loaded successfully
2012-05-18 01:55:37,857 INFO list of tables loaded successfully
2012-05-18 01:55:37,857 INFO schema TEST_DIPLOM choosed
2012-05-18 01:55:38,871 INFO table BIG_TEST1 choosed
2012-05-18 01:55:39,658 INFO connecting to local database successfully
2012-05-18 01:56:08,721 INFO ######################################################################################
2012-05-18 01:56:08,723 INFO start session
2012-05-18 01:56:09,700 INFO connect to db
2012-05-18 01:56:09,717 INFO list of connections loaded
2012-05-18 01:56:09,736 INFO list of connections loaded
2012-05-18 01:56:09,743 INFO listing of conneciton succesfully loading
2012-05-18 01:56:10,398 INFO connection to database. info: 192.168.56.101, 1521, orcl, artur
2012-05-18 01:56:10,400 INFO list of connections loaded
2012-05-18 01:56:10,403 INFO listing of conneciton succesfully loading
2012-05-18 01:56:10,614 INFO choose table
2012-05-18 01:56:10,665 INFO list of schemas loaded successfully
2012-05-18 01:56:12,122 INFO list of tables loaded successfully
2012-05-18 01:56:12,122 INFO schema TEST_DIPLOM choosed
2012-05-18 01:56:13,394 INFO table BIG_TEST1 choosed
2012-05-18 01:56:15,170 INFO connecting to local database successfully
2012-05-18 01:56:19,114 INFO starting calculation data quality model
2012-05-18 01:56:19,114 INFO connecting to local database successfully
2012-05-18 01:56:19,394 ERROR average assessment of all parameters calculation failed: cannot concatenate 'str' and 'int' objects
2012-05-18 01:56:19,394 ERROR calculation dq failed: local variable 'avgall' referenced before assignment
2012-05-18 01:57:15,154 INFO ######################################################################################
2012-05-18 01:57:15,155 INFO start session
2012-05-18 01:57:16,002 INFO connect to db
2012-05-18 01:57:16,019 INFO list of connections loaded
2012-05-18 01:57:16,038 INFO list of connections loaded
2012-05-18 01:57:16,045 INFO listing of conneciton succesfully loading
2012-05-18 01:57:17,017 INFO connection to database. info: 192.168.56.101, 1521, orcl, artur
2012-05-18 01:57:17,019 INFO list of connections loaded
2012-05-18 01:57:17,022 INFO listing of conneciton succesfully loading
2012-05-18 01:57:17,105 INFO choose table
2012-05-18 01:57:17,140 INFO list of schemas loaded successfully
2012-05-18 01:57:18,476 INFO list of tables loaded successfully
2012-05-18 01:57:18,476 INFO schema TEST_DIPLOM choosed
2012-05-18 01:57:19,576 INFO table BIG_TEST1 choosed
2012-05-18 01:57:20,377 INFO connecting to local database successfully
2012-05-18 01:57:23,443 INFO starting calculation data quality model
2012-05-18 01:57:23,444 INFO connecting to local database successfully
2012-05-18 01:57:23,690 ERROR average assessment of all parameters calculation failed: cannot concatenate 'str' and 'int' objects
2012-05-18 01:57:23,690 ERROR calculation dq failed: local variable 'avgall' referenced before assignment
2012-05-18 01:58:24,838 INFO ######################################################################################
2012-05-18 01:58:24,838 INFO start session
2012-05-18 01:58:25,085 INFO connect to db
2012-05-18 01:58:25,104 INFO list of connections loaded
2012-05-18 01:58:25,124 INFO list of connections loaded
2012-05-18 01:58:25,128 INFO listing of conneciton succesfully loading
2012-05-18 01:58:25,812 INFO connection to database. info: 192.168.56.101, 1521, orcl, artur
2012-05-18 01:58:25,815 INFO list of connections loaded
2012-05-18 01:58:25,819 INFO listing of conneciton succesfully loading
2012-05-18 01:58:26,144 INFO choose table
2012-05-18 01:58:26,178 INFO list of schemas loaded successfully
2012-05-18 01:58:27,447 INFO list of tables loaded successfully
2012-05-18 01:58:27,448 INFO schema TEST_DIPLOM choosed
2012-05-18 01:58:28,413 INFO table BIG_TEST1 choosed
2012-05-18 01:58:29,217 INFO open local history
2012-05-18 01:59:06,743 INFO ######################################################################################
2012-05-18 01:59:06,743 INFO start session
2012-05-18 01:59:07,056 INFO connect to db
2012-05-18 01:59:07,075 INFO list of connections loaded
2012-05-18 01:59:07,094 INFO list of connections loaded
2012-05-18 01:59:07,098 INFO listing of conneciton succesfully loading
2012-05-18 01:59:07,821 INFO connection to database. info: 192.168.56.101, 1521, orcl, artur
2012-05-18 01:59:07,823 INFO list of connections loaded
2012-05-18 01:59:07,826 INFO listing of conneciton succesfully loading
2012-05-18 01:59:07,990 INFO choose table
2012-05-18 01:59:08,023 INFO list of schemas loaded successfully
2012-05-18 01:59:09,743 INFO list of tables loaded successfully
2012-05-18 01:59:09,743 INFO schema TEST_DIPLOM choosed
2012-05-18 01:59:10,841 INFO table BIG_TEST1 choosed
2012-05-18 01:59:12,167 INFO open local history
2012-05-18 02:00:05,805 INFO ######################################################################################
2012-05-18 02:00:05,805 INFO start session
2012-05-18 02:00:06,197 INFO connect to db
2012-05-18 02:00:06,216 INFO list of connections loaded
2012-05-18 02:00:06,233 INFO list of connections loaded
2012-05-18 02:00:06,242 INFO listing of conneciton succesfully loading
2012-05-18 02:00:06,888 INFO connection to database. info: 192.168.56.101, 1521, orcl, artur
2012-05-18 02:00:06,891 INFO list of connections loaded
2012-05-18 02:00:06,894 INFO listing of conneciton succesfully loading
2012-05-18 02:00:07,029 INFO choose table
2012-05-18 02:00:07,065 INFO list of schemas loaded successfully
2012-05-18 02:00:08,165 INFO list of tables loaded successfully
2012-05-18 02:00:08,165 INFO schema TEST_DIPLOM choosed
2012-05-18 02:00:09,188 INFO table BIG_TEST1 choosed
2012-05-18 02:00:10,848 INFO open local history
2012-05-18 02:00:23,688 INFO choose table
2012-05-18 02:00:23,724 INFO list of schemas loaded successfully
2012-05-18 02:00:26,361 INFO list of tables loaded successfully
2012-05-18 02:00:26,362 INFO schema TEST_DIPLOM choosed
2012-05-18 02:00:27,517 INFO table BIG_TEST2 choosed
2012-05-18 02:00:28,509 INFO open local history
2012-05-18 02:00:53,476 INFO ######################################################################################
2012-05-18 02:00:53,476 INFO start session
2012-05-18 02:00:54,036 INFO connect to db
2012-05-18 02:00:54,053 INFO list of connections loaded
2012-05-18 02:00:54,071 INFO list of connections loaded
2012-05-18 02:00:54,075 INFO listing of conneciton succesfully loading
2012-05-18 02:00:54,753 INFO connection to database. info: 192.168.56.101, 1521, orcl, artur
2012-05-18 02:00:54,756 INFO list of connections loaded
2012-05-18 02:00:54,757 INFO listing of conneciton succesfully loading
2012-05-18 02:00:54,960 INFO choose table
2012-05-18 02:00:54,993 INFO list of schemas loaded successfully
2012-05-18 02:00:56,423 INFO list of tables loaded successfully
2012-05-18 02:00:56,423 INFO schema TEST_DIPLOM choosed
2012-05-18 02:00:57,411 INFO table BIG_TEST1 choosed
2012-05-18 02:00:58,480 INFO connecting to local database successfully
2012-05-18 02:01:01,749 INFO open local history
2012-05-18 02:01:06,778 INFO choose table
2012-05-18 02:01:06,815 INFO list of schemas loaded successfully
2012-05-18 02:01:08,246 INFO list of tables loaded successfully
2012-05-18 02:01:08,246 INFO schema TEST_DIPLOM choosed
2012-05-18 02:01:09,566 INFO table BIG_TEST2 choosed
2012-05-18 02:01:10,487 INFO open local history
2012-05-18 02:05:49,875 INFO ######################################################################################
2012-05-18 02:05:49,875 INFO start session
2012-05-18 02:05:50,811 INFO connect to db
2012-05-18 02:05:50,828 INFO list of connections loaded
2012-05-18 02:05:50,848 INFO list of connections loaded
2012-05-18 02:05:50,854 INFO listing of conneciton succesfully loading
2012-05-18 02:05:51,523 INFO connection to database. info: 192.168.56.101, 1521, orcl, artur
2012-05-18 02:05:51,526 INFO list of connections loaded
2012-05-18 02:05:51,529 INFO listing of conneciton succesfully loading
2012-05-18 02:05:51,717 INFO choose table
2012-05-18 02:05:51,752 INFO list of schemas loaded successfully
2012-05-18 02:05:52,796 INFO list of tables loaded successfully
2012-05-18 02:05:52,796 INFO schema TEST_DIPLOM choosed
2012-05-18 02:05:53,730 INFO table BIG_TEST1 choosed
2012-05-18 02:05:54,558 INFO connecting to local database successfully
2012-05-18 02:05:57,971 INFO starting calculation data quality model
2012-05-18 02:05:57,973 INFO connecting to local database successfully
2012-05-18 02:05:58,408 INFO calculation successfully
2012-05-18 02:07:03,523 INFO ######################################################################################
2012-05-18 02:07:03,523 INFO start session
2012-05-18 02:07:03,878 INFO connect to db
2012-05-18 02:07:03,897 INFO list of connections loaded
2012-05-18 02:07:03,914 INFO list of connections loaded
2012-05-18 02:07:03,918 INFO listing of conneciton succesfully loading
2012-05-18 02:07:04,549 INFO connection to database. info: 192.168.56.101, 1521, orcl, artur
2012-05-18 02:07:04,552 INFO list of connections loaded
2012-05-18 02:07:04,553 INFO listing of conneciton succesfully loading
2012-05-18 02:07:04,704 INFO choose table
2012-05-18 02:07:04,739 INFO list of schemas loaded successfully
2012-05-18 02:07:05,940 INFO list of tables loaded successfully
2012-05-18 02:07:05,940 INFO schema TEST_DIPLOM choosed
2012-05-18 02:07:06,865 INFO table BIG_TEST1 choosed
2012-05-18 02:07:08,298 INFO open local history
2012-05-18 02:07:55,213 INFO ######################################################################################
2012-05-18 02:07:55,213 INFO start session
2012-05-18 02:07:55,667 INFO connect to db
2012-05-18 02:07:55,687 INFO list of connections loaded
2012-05-18 02:07:55,704 INFO list of connections loaded
2012-05-18 02:07:55,710 INFO listing of conneciton succesfully loading
2012-05-18 02:07:56,237 INFO connection to database. info: 192.168.56.101, 1521, orcl, artur
2012-05-18 02:07:56,240 INFO list of connections loaded
2012-05-18 02:07:56,242 INFO listing of conneciton succesfully loading
2012-05-18 02:07:56,380 INFO choose table
2012-05-18 02:07:56,414 INFO list of schemas loaded successfully
2012-05-18 02:07:57,852 INFO list of tables loaded successfully
2012-05-18 02:07:57,852 INFO schema TEST_DIPLOM choosed
2012-05-18 02:07:58,806 INFO table BIG_TEST1 choosed
2012-05-18 02:07:59,914 INFO open local history
2012-05-18 02:08:42,796 INFO ######################################################################################
2012-05-18 02:08:42,796 INFO start session
2012-05-18 02:08:43,892 INFO connect to db
2012-05-18 02:08:43,910 INFO list of connections loaded
2012-05-18 02:08:43,928 INFO list of connections loaded
2012-05-18 02:08:43,936 INFO listing of conneciton succesfully loading
2012-05-18 02:08:44,723 INFO connection to database. info: 192.168.56.101, 1521, orcl, artur
2012-05-18 02:08:44,724 INFO list of connections loaded
2012-05-18 02:08:44,726 INFO listing of conneciton succesfully loading
2012-05-18 02:08:44,857 INFO choose table
2012-05-18 02:08:44,891 INFO list of schemas loaded successfully
2012-05-18 02:08:46,148 INFO list of tables loaded successfully
2012-05-18 02:08:46,148 INFO schema TEST_DIPLOM choosed
2012-05-18 02:08:46,992 INFO table BIG_TEST1 choosed
2012-05-18 02:08:48,068 INFO open local history
2012-05-18 02:09:05,576 INFO ######################################################################################
2012-05-18 02:09:05,576 INFO start session
2012-05-18 02:09:09,259 INFO connect to db
2012-05-18 02:09:09,276 INFO list of connections loaded
2012-05-18 02:09:09,296 INFO list of connections loaded
2012-05-18 02:09:09,302 INFO listing of conneciton succesfully loading
2012-05-18 02:09:09,911 INFO connection to database. info: 192.168.56.101, 1521, orcl, artur
2012-05-18 02:09:09,914 INFO list of connections loaded
2012-05-18 02:09:09,915 INFO listing of conneciton succesfully loading
2012-05-18 02:09:10,167 INFO choose table
2012-05-18 02:09:10,203 INFO list of schemas loaded successfully
2012-05-18 02:09:11,845 INFO list of tables loaded successfully
2012-05-18 02:09:11,845 INFO schema TEST_DIPLOM choosed
2012-05-18 02:09:12,882 INFO table BIG_TEST1 choosed
2012-05-18 02:09:14,322 INFO open local history
2012-05-18 02:10:21,762 INFO ######################################################################################
2012-05-18 02:10:21,762 INFO start session
2012-05-18 02:10:22,075 INFO connect to db
2012-05-18 02:10:22,095 INFO list of connections loaded
2012-05-18 02:10:22,122 INFO list of connections loaded
2012-05-18 02:10:22,127 INFO listing of conneciton succesfully loading
2012-05-18 02:10:22,770 INFO connection to database. info: 192.168.56.101, 1521, orcl, artur
2012-05-18 02:10:22,773 INFO list of connections loaded
2012-05-18 02:10:22,776 INFO listing of conneciton succesfully loading
2012-05-18 02:10:22,872 INFO choose table
2012-05-18 02:10:22,907 INFO list of schemas loaded successfully
2012-05-18 02:10:24,434 INFO list of tables loaded successfully
2012-05-18 02:10:24,434 INFO schema TEST_DIPLOM choosed
2012-05-18 02:10:25,744 INFO table BIG_TEST1 choosed
2012-05-18 02:10:26,638 INFO open local history
2012-05-18 02:10:42,571 INFO ######################################################################################
2012-05-18 02:10:42,571 INFO start session
2012-05-18 02:10:43,641 INFO connect to db
2012-05-18 02:10:43,660 INFO list of connections loaded
2012-05-18 02:10:43,677 INFO list of connections loaded
2012-05-18 02:10:43,683 INFO listing of conneciton succesfully loading
2012-05-18 02:10:44,285 INFO connection to database. info: 192.168.56.101, 1521, orcl, artur
2012-05-18 02:10:44,286 INFO list of connections loaded
2012-05-18 02:10:44,289 INFO listing of conneciton succesfully loading
2012-05-18 02:10:44,519 INFO choose table
2012-05-18 02:10:44,553 INFO list of schemas loaded successfully
2012-05-18 02:10:46,184 INFO list of tables loaded successfully
2012-05-18 02:10:46,184 INFO schema TEST_DIPLOM choosed
2012-05-18 02:10:47,476 INFO table BIG_TEST1 choosed
2012-05-18 02:10:48,286 INFO open local history
2012-05-18 02:11:07,641 INFO choose table
2012-05-18 02:11:07,677 INFO list of schemas loaded successfully
2012-05-18 02:11:08,951 INFO list of tables loaded successfully
2012-05-18 02:11:08,953 INFO schema DBSNMP choosed
2012-05-18 02:11:10,835 INFO list of tables loaded successfully
2012-05-18 02:11:10,835 INFO schema TEST_DIPLOM choosed
2012-05-18 02:11:12,184 INFO table BIG_TEST2 choosed
2012-05-18 02:11:14,269 INFO open local history
2012-05-18 02:11:25,220 INFO choose table
2012-05-18 02:11:25,253 INFO list of schemas loaded successfully
2012-05-18 02:11:28,869 INFO choose table
2012-05-18 02:11:28,904 INFO list of schemas loaded successfully
2012-05-18 02:11:30,431 INFO list of tables loaded successfully
2012-05-18 02:11:30,431 INFO schema TEST_DIPLOM choosed
2012-05-18 02:11:31,459 INFO table BIG_TEST1 choosed
2012-05-18 02:11:32,263 INFO open local history
2012-05-18 02:11:34,348 INFO connecting to local database successfully
2012-05-18 02:11:39,538 INFO loading regular expressions for parameter bad_format successfully 
2012-05-18 02:11:41,786 INFO loading regular expressions for parameter noise_level successfully 
2012-05-18 02:11:44,342 INFO loading regular expressions for parameter identifiability successfully 
2012-05-18 02:11:46,535 INFO loading regular expressions for parameter harmony successfully 
2012-05-18 02:11:55,545 INFO starting calculation data quality model
2012-05-18 02:11:55,545 INFO connecting to local database successfully
2012-05-18 02:11:55,747 INFO loading regular expressions for parameter bad_format successfully 
2012-05-18 02:11:56,628 INFO bad fromat parameter calculation successfully
2012-05-18 02:11:56,628 INFO loading regular expressions for parameter noise_level successfully 
2012-05-18 02:12:33,224 INFO noise level parameter calculation successfully
2012-05-18 02:12:33,226 INFO loading regular expressions for parameter identifiability successfully 
2012-05-18 02:12:33,236 INFO identify parameter calculation successfully
2012-05-18 02:12:33,236 INFO loading regular expressions for parameter harmony successfully 
2012-05-18 02:12:33,253 INFO harmony parameter calculation successfully
2012-05-18 02:12:33,306 INFO uniq parameter calculation successfully
2012-05-18 02:12:33,344 INFO degree_of_classification parameter calculation successfully
2012-05-18 02:12:33,453 INFO calculation successfully
2012-05-18 02:14:28,947 INFO ######################################################################################
2012-05-18 02:14:28,947 INFO start session
2012-05-18 02:14:29,413 INFO connect to db
2012-05-18 02:14:29,430 INFO list of connections loaded
2012-05-18 02:14:29,450 INFO list of connections loaded
2012-05-18 02:14:29,456 INFO listing of conneciton succesfully loading
2012-05-18 02:14:30,220 INFO connection to database. info: 192.168.56.101, 1521, orcl, artur
2012-05-18 02:14:30,221 INFO list of connections loaded
2012-05-18 02:14:30,223 INFO listing of conneciton succesfully loading
2012-05-18 02:14:30,625 INFO choose table
2012-05-18 02:14:30,660 INFO list of schemas loaded successfully
2012-05-18 02:14:31,841 INFO list of tables loaded successfully
2012-05-18 02:14:31,841 INFO schema TEST_DIPLOM choosed
2012-05-18 02:14:32,923 INFO table BIG_TEST1 choosed
2012-05-18 02:14:36,012 INFO launch edit regexps module
2012-05-18 02:14:36,062 INFO connecting to local database successfully
2012-05-18 02:14:38,486 INFO loading regular expressions for parameter no_information successfully 
2012-05-18 02:14:39,394 INFO loading regular expressions for parameter bad_format successfully 
2012-05-18 02:14:40,473 INFO loading regular expressions for parameter noise_level successfully 
2012-05-18 02:14:42,256 INFO loading regular expressions for parameter bad_format successfully 
2012-05-18 02:14:44,654 INFO loading regular expressions for parameter identifiability successfully 
2012-05-18 02:14:45,822 INFO loading regular expressions for parameter harmony successfully 
2012-05-18 02:14:47,617 INFO loading regular expressions for parameter degree_of_structuring successfully 
2012-05-18 02:14:48,792 INFO loading regular expressions for parameter efficiency successfully 
2012-05-18 02:14:49,927 INFO loading regular expressions for parameter harmony successfully 
2012-05-18 02:14:51,098 INFO loading regular expressions for parameter identifiability successfully 
2012-05-18 02:14:55,723 INFO connecting to local database successfully
2012-05-18 02:15:01,029 INFO loading regular expressions for parameter bad_format successfully 
2012-05-18 02:15:04,062 INFO loading regular expressions for parameter noise_level successfully 
2012-05-18 02:15:06,325 INFO loading regular expressions for parameter identifiability successfully 
2012-05-18 02:15:08,436 INFO loading regular expressions for parameter harmony successfully 
2012-05-18 02:15:16,892 INFO starting calculation data quality model
2012-05-18 02:15:16,892 INFO connecting to local database successfully
2012-05-18 02:15:17,085 INFO loading regular expressions for parameter bad_format successfully 
2012-05-18 02:15:17,970 INFO bad fromat parameter calculation successfully
2012-05-18 02:15:17,971 INFO loading regular expressions for parameter noise_level successfully 
2012-05-18 02:15:54,805 INFO noise level parameter calculation successfully
2012-05-18 02:15:54,806 INFO loading regular expressions for parameter identifiability successfully 
2012-05-18 02:15:54,816 INFO identify parameter calculation successfully
2012-05-18 02:15:54,816 INFO loading regular expressions for parameter harmony successfully 
2012-05-18 02:15:54,831 INFO harmony parameter calculation successfully
2012-05-18 02:15:54,874 INFO uniq parameter calculation successfully
2012-05-18 02:15:54,904 INFO degree_of_classification parameter calculation successfully
2012-05-18 02:15:55,098 INFO calculation successfully
2012-05-18 02:16:57,654 INFO ######################################################################################
2012-05-18 02:16:57,654 INFO start session
2012-05-18 02:16:58,848 INFO connect to db
2012-05-18 02:16:58,865 INFO list of connections loaded
2012-05-18 02:16:58,884 INFO list of connections loaded
2012-05-18 02:16:58,888 INFO listing of conneciton succesfully loading
2012-05-18 02:16:59,582 INFO connection to database. info: 192.168.56.101, 1521, orcl, artur
2012-05-18 02:16:59,584 INFO list of connections loaded
2012-05-18 02:16:59,586 INFO listing of conneciton succesfully loading
2012-05-18 02:16:59,694 INFO choose table
2012-05-18 02:16:59,729 INFO list of schemas loaded successfully
2012-05-18 02:17:01,167 INFO list of tables loaded successfully
2012-05-18 02:17:01,167 INFO schema TEST_DIPLOM choosed
2012-05-18 02:17:02,348 INFO table BIG_TEST1 choosed
2012-05-18 02:17:03,839 INFO open local history
2012-05-18 02:17:17,219 INFO connecting to local database successfully
2012-05-18 02:17:20,799 INFO starting calculation data quality model
2012-05-18 02:17:20,799 INFO connecting to local database successfully
2012-05-18 02:17:21,081 INFO calculation successfully
2012-05-18 02:21:46,857 INFO ######################################################################################
2012-05-18 02:21:46,857 INFO start session
2012-05-18 02:21:47,618 INFO connect to db
2012-05-18 02:21:47,638 INFO list of connections loaded
2012-05-18 02:21:47,657 INFO list of connections loaded
2012-05-18 02:21:47,680 INFO listing of conneciton succesfully loading
2012-05-18 02:21:48,536 INFO connection to database. info: 192.168.56.101, 1521, orcl, artur
2012-05-18 02:21:48,539 INFO list of connections loaded
2012-05-18 02:21:48,542 INFO listing of conneciton succesfully loading
2012-05-18 02:21:48,729 INFO choose table
2012-05-18 02:21:48,763 INFO list of schemas loaded successfully
2012-05-18 02:21:50,109 INFO list of tables loaded successfully
2012-05-18 02:21:50,111 INFO schema TEST_DIPLOM choosed
2012-05-18 02:21:51,230 INFO table BIG_TEST1 choosed
2012-05-18 02:21:52,490 INFO connecting to local database successfully
2012-05-18 02:22:00,743 INFO starting calculation data quality model
2012-05-18 02:22:00,743 INFO connecting to local database successfully
2012-05-18 02:22:01,151 INFO calculation successfully
2012-05-18 02:24:03,424 INFO ######################################################################################
2012-05-18 02:24:03,424 INFO start session
2012-05-18 02:24:05,430 INFO connect to db
2012-05-18 02:24:05,448 INFO list of connections loaded
2012-05-18 02:24:05,467 INFO list of connections loaded
2012-05-18 02:24:05,473 INFO listing of conneciton succesfully loading
2012-05-18 02:24:06,207 INFO connection to database. info: 192.168.56.101, 1521, orcl, artur
2012-05-18 02:24:06,209 INFO list of connections loaded
2012-05-18 02:24:06,210 INFO listing of conneciton succesfully loading
2012-05-18 02:24:06,410 INFO choose table
2012-05-18 02:24:06,446 INFO list of schemas loaded successfully
2012-05-18 02:24:07,994 INFO list of tables loaded successfully
2012-05-18 02:24:07,994 INFO schema TEST_DIPLOM choosed
2012-05-18 02:24:09,298 INFO table BIG_TEST1 choosed
2012-05-18 02:24:10,617 INFO open local history
2012-05-18 02:24:21,917 INFO connecting to local database successfully
2012-05-18 02:24:25,426 INFO starting calculation data quality model
2012-05-18 02:24:25,426 INFO connecting to local database successfully
2012-05-18 02:24:25,780 INFO calculation successfully
2012-05-18 02:24:28,938 INFO connecting to local database successfully
2012-05-18 02:24:32,841 INFO starting calculation data quality model
2012-05-18 02:24:32,842 INFO connecting to local database successfully
2012-05-18 02:24:32,882 INFO uniq parameter calculation successfully
2012-05-18 02:24:33,581 INFO calculation successfully
2012-05-18 02:25:33,239 INFO ######################################################################################
2012-05-18 02:25:33,239 INFO start session
2012-05-18 02:25:34,055 INFO connect to db
2012-05-18 02:25:34,072 INFO list of connections loaded
2012-05-18 02:25:34,092 INFO list of connections loaded
2012-05-18 02:25:34,098 INFO listing of conneciton succesfully loading
2012-05-18 02:25:35,065 INFO connection to database. info: 192.168.56.101, 1521, orcl, artur
2012-05-18 02:25:35,069 INFO list of connections loaded
2012-05-18 02:25:35,071 INFO listing of conneciton succesfully loading
2012-05-18 02:25:35,612 INFO choose table
2012-05-18 02:25:35,645 INFO list of schemas loaded successfully
2012-05-18 02:25:37,098 INFO list of tables loaded successfully
2012-05-18 02:25:37,098 INFO schema TEST_DIPLOM choosed
2012-05-18 02:25:38,062 INFO table TEST_MIDDLE_1000 choosed
2012-05-18 02:25:39,230 INFO table BIG_TEST1 choosed
2012-05-18 02:25:41,124 ERROR failed calculation dq - code 224: NO PARAMS FOR DATA QUALITY
2012-05-18 02:25:42,157 ERROR failed calculation dq - code 224: NO PARAMS FOR DATA QUALITY
2012-05-18 02:27:31,664 INFO ######################################################################################
2012-05-18 02:27:31,665 INFO start session
2012-05-18 02:27:32,519 INFO connect to db
2012-05-18 02:27:32,538 INFO list of connections loaded
2012-05-18 02:27:32,559 INFO list of connections loaded
2012-05-18 02:27:32,565 INFO listing of conneciton succesfully loading
2012-05-18 02:27:33,296 INFO connection to database. info: 192.168.56.101, 1521, orcl, artur
2012-05-18 02:27:33,299 INFO list of connections loaded
2012-05-18 02:27:33,301 INFO listing of conneciton succesfully loading
2012-05-18 02:27:33,447 INFO choose table
2012-05-18 02:27:33,483 INFO list of schemas loaded successfully
2012-05-18 02:27:35,138 INFO list of tables loaded successfully
2012-05-18 02:27:35,138 INFO schema TEST_DIPLOM choosed
2012-05-18 02:27:35,976 INFO table BIG_TEST1 choosed
2012-05-18 02:27:36,861 INFO connecting to local database successfully
2012-05-18 02:27:42,015 INFO starting calculation data quality model
2012-05-18 02:27:42,016 INFO connecting to local database successfully
2012-05-18 02:27:42,313 INFO calculation successfully
2012-05-18 02:29:31,759 INFO ######################################################################################
2012-05-18 02:29:31,759 INFO start session
2012-05-18 02:29:34,184 INFO connect to db
2012-05-18 02:29:34,201 INFO list of connections loaded
2012-05-18 02:29:34,223 INFO list of connections loaded
2012-05-18 02:29:34,227 INFO listing of conneciton succesfully loading
2012-05-18 02:29:34,934 INFO connection to database. info: 192.168.56.101, 1521, orcl, artur
2012-05-18 02:29:34,937 INFO list of connections loaded
2012-05-18 02:29:34,938 INFO listing of conneciton succesfully loading
2012-05-18 02:29:35,328 INFO choose table
2012-05-18 02:29:35,361 INFO list of schemas loaded successfully
2012-05-18 02:29:36,734 INFO list of tables loaded successfully
2012-05-18 02:29:36,734 INFO schema TEST_DIPLOM choosed
2012-05-18 02:29:38,042 INFO table BIG_TEST2 choosed
2012-05-18 02:29:39,059 INFO connecting to local database successfully
2012-05-18 02:29:44,075 INFO loading regular expressions for parameter no_information successfully 
2012-05-18 02:29:46,551 INFO loading regular expressions for parameter bad_format successfully 
2012-05-18 02:29:49,305 INFO loading regular expressions for parameter noise_level successfully 
2012-05-18 02:29:51,529 INFO loading regular expressions for parameter identifiability successfully 
2012-05-18 02:29:53,345 INFO loading regular expressions for parameter harmony successfully 
2012-05-18 02:30:02,553 INFO starting calculation data quality model
2012-05-18 02:30:02,555 INFO connecting to local database successfully
2012-05-18 02:30:04,239 INFO loading regular expressions for parameter bad_format successfully 
2012-05-18 02:30:08,322 INFO bad fromat parameter calculation successfully
2012-05-18 02:30:08,322 INFO loading regular expressions for parameter noise_level successfully 
2012-05-18 02:33:10,351 INFO noise level parameter calculation successfully
2012-05-18 02:33:10,351 INFO loading regular expressions for parameter identifiability successfully 
2012-05-18 02:33:14,269 INFO identify parameter calculation successfully
2012-05-18 02:33:14,334 INFO uniq parameter calculation successfully
2012-05-18 02:33:14,384 INFO degree_of_classification parameter calculation successfully
2012-05-18 02:33:14,644 INFO calculation successfully
2012-05-18 02:34:02,042 INFO launch edit regexps module
2012-05-18 02:34:02,059 INFO connecting to local database successfully
2012-05-18 02:34:03,760 INFO loading regular expressions for parameter bad_format successfully 
2012-05-18 02:34:12,532 INFO uploading regular expression not regexp_like (RG0, '^\d{5}$') for parameter bad_format successfully
2012-05-18 02:34:12,532 INFO loading regular expressions for parameter bad_format successfully 
2012-05-18 02:34:14,869 INFO deleting regular expression not regexp_like (R0G, '^\d{5}$') for parameter bad_format successfully
2012-05-18 02:34:14,869 INFO loading regular expressions for parameter bad_format successfully 
2012-05-18 02:36:24,974 INFO ######################################################################################
2012-05-18 02:36:24,974 INFO start session
2012-05-18 02:36:26,198 INFO connect to db
2012-05-18 02:36:26,217 INFO list of connections loaded
2012-05-18 02:36:26,236 INFO list of connections loaded
2012-05-18 02:36:26,242 INFO listing of conneciton succesfully loading
2012-05-18 02:36:27,009 INFO connection to database. info: 192.168.56.101, 1521, orcl, artur
2012-05-18 02:36:27,012 INFO list of connections loaded
2012-05-18 02:36:27,013 INFO listing of conneciton succesfully loading
2012-05-18 02:36:27,565 INFO choose table
2012-05-18 02:36:27,598 INFO list of schemas loaded successfully
2012-05-18 02:36:29,016 INFO list of tables loaded successfully
2012-05-18 02:36:29,016 INFO schema TEST_DIPLOM choosed
2012-05-18 02:36:30,368 INFO table BIG_TEST2 choosed
2012-05-18 02:36:32,219 INFO connecting to local database successfully
2012-05-18 02:36:36,075 INFO loading regular expressions for parameter no_information successfully 
2012-05-18 02:37:14,164 INFO ######################################################################################
2012-05-18 02:37:14,164 INFO start session
2012-05-18 02:37:14,601 INFO connect to db
2012-05-18 02:37:14,619 INFO list of connections loaded
2012-05-18 02:37:14,638 INFO list of connections loaded
2012-05-18 02:37:14,644 INFO listing of conneciton succesfully loading
2012-05-18 02:37:15,194 INFO connection to database. info: 192.168.56.101, 1521, orcl, artur
2012-05-18 02:37:15,197 INFO list of connections loaded
2012-05-18 02:37:15,200 INFO listing of conneciton succesfully loading
2012-05-18 02:37:15,288 INFO choose table
2012-05-18 02:37:15,321 INFO list of schemas loaded successfully
2012-05-18 02:37:16,454 INFO list of tables loaded successfully
2012-05-18 02:37:16,454 INFO schema TEST_DIPLOM choosed
2012-05-18 02:37:17,391 INFO table BIG_TEST2 choosed
2012-05-18 02:37:18,375 INFO connecting to local database successfully
2012-05-18 02:37:20,642 INFO loading regular expressions for parameter bad_format successfully 
2012-05-18 02:37:21,529 INFO starting calculation data quality model
2012-05-18 02:37:21,529 INFO connecting to local database successfully
2012-05-18 02:37:21,538 INFO loading regular expressions for parameter bad_format successfully 
2012-05-18 02:37:26,020 ERROR bad format parameter calculation failed: 'float' object cannot be interpreted as an index
2012-05-18 02:37:26,135 INFO calculation successfully
2012-05-18 02:37:37,404 INFO open local history
2012-05-18 02:39:52,493 INFO ######################################################################################
2012-05-18 02:39:52,494 INFO start session
2012-05-18 02:39:53,239 INFO connect to db
2012-05-18 02:39:53,259 INFO list of connections loaded
2012-05-18 02:39:53,278 INFO list of connections loaded
2012-05-18 02:39:53,282 INFO listing of conneciton succesfully loading
2012-05-18 02:39:54,249 INFO connection to database. info: 192.168.56.101, 1521, orcl, artur
2012-05-18 02:39:54,252 INFO list of connections loaded
2012-05-18 02:39:54,253 INFO listing of conneciton succesfully loading
2012-05-18 02:39:54,489 INFO choose table
2012-05-18 02:39:54,522 INFO list of schemas loaded successfully
2012-05-18 02:39:56,296 INFO list of tables loaded successfully
2012-05-18 02:39:56,296 INFO schema TEST_DIPLOM choosed
2012-05-18 02:39:57,285 INFO table BIG_TEST2 choosed
2012-05-18 02:39:58,930 ERROR failed calculation dq - code 224: NO PARAMS FOR DATA QUALITY
2012-05-18 02:39:59,121 INFO connecting to local database successfully
2012-05-18 02:40:01,167 INFO loading regular expressions for parameter bad_format successfully 
2012-05-18 02:40:02,108 INFO starting calculation data quality model
2012-05-18 02:40:02,108 INFO connecting to local database successfully
2012-05-18 02:40:02,118 INFO loading regular expressions for parameter bad_format successfully 
2012-05-18 02:40:06,604 INFO bad fromat parameter calculation successfully
2012-05-18 02:40:06,743 INFO calculation successfully
2012-05-18 02:40:54,045 INFO ######################################################################################
2012-05-18 02:40:54,045 INFO start session
2012-05-18 02:40:54,943 INFO connect to db
2012-05-18 02:40:54,960 INFO list of connections loaded
2012-05-18 02:40:54,980 INFO list of connections loaded
2012-05-18 02:40:54,986 INFO listing of conneciton succesfully loading
2012-05-18 02:40:55,691 INFO connection to database. info: 192.168.56.101, 1521, orcl, artur
2012-05-18 02:40:55,694 INFO list of connections loaded
2012-05-18 02:40:55,696 INFO listing of conneciton succesfully loading
2012-05-18 02:40:55,997 INFO choose table
2012-05-18 02:40:56,030 INFO list of schemas loaded successfully
2012-05-18 02:40:57,505 INFO list of tables loaded successfully
2012-05-18 02:40:57,505 INFO schema TEST_DIPLOM choosed
2012-05-18 02:40:58,546 INFO table BIG_TEST1 choosed
2012-05-18 02:40:59,494 INFO open local history
2012-05-18 02:41:06,500 INFO connecting to local database successfully
2012-05-18 02:41:10,151 INFO launch edit regexps module
2012-05-18 02:41:10,167 INFO connecting to local database successfully
2012-05-18 02:41:12,378 INFO loading regular expressions for parameter no_information successfully 
2012-05-18 02:41:13,641 INFO loading regular expressions for parameter bad_format successfully 
2012-05-18 02:41:14,858 INFO loading regular expressions for parameter noise_level successfully 
2012-05-18 02:41:16,177 INFO loading regular expressions for parameter identifiability successfully 
2012-05-18 02:41:17,413 INFO loading regular expressions for parameter no_information successfully 
2012-05-18 02:41:25,786 INFO choose table
2012-05-18 02:41:25,816 INFO list of schemas loaded successfully
2012-05-18 02:41:27,778 INFO list of tables loaded successfully
2012-05-18 02:41:27,778 INFO schema TEST_DIPLOM choosed
2012-05-18 02:41:29,345 INFO table BIG_TEST2 choosed
2012-05-18 02:41:30,151 INFO launch edit regexps module
2012-05-18 02:41:30,167 INFO connecting to local database successfully
2012-05-18 02:41:31,974 INFO choose table
2012-05-18 02:41:32,007 INFO list of schemas loaded successfully
2012-05-18 02:41:33,861 INFO list of tables loaded successfully
2012-05-18 02:41:33,861 INFO schema TEST_DIPLOM choosed
2012-05-18 02:41:34,674 INFO table TEST_BAD_1000 choosed
2012-05-18 02:41:35,464 INFO table TEST_GOOD_1000 choosed
2012-05-18 02:41:36,342 INFO launch edit regexps module
2012-05-18 02:41:36,362 INFO connecting to local database successfully
2012-05-18 02:41:40,483 INFO loading regular expressions for parameter no_information successfully 
2012-05-18 02:41:41,786 INFO loading regular expressions for parameter bad_format successfully 
2012-05-18 02:41:44,089 INFO loading regular expressions for parameter bad_format successfully 
2012-05-18 02:41:48,316 INFO uploading regular expression not regexp_like (RG0, '^\d{5}$') for parameter bad_format successfully
2012-05-18 02:41:48,316 INFO loading regular expressions for parameter bad_format successfully 
2012-05-18 02:41:54,805 INFO uploading regular expression not regexp_like(INN, '^\d{12}$') or regexp_like(INN, '^\d{10}$') for parameter bad_format successfully
2012-05-18 02:41:54,806 INFO loading regular expressions for parameter bad_format successfully 
2012-05-18 02:42:03,006 INFO uploading regular expression not regexp_like(NAIMEN, '^\D{3}\s\"\D+\"$') or regexp_like(NAIMEN, '^\D+\s\D+\s\D+$') for parameter bad_format successfully
2012-05-18 02:42:03,006 INFO loading regular expressions for parameter bad_format successfully 
2012-05-18 02:42:10,085 INFO uploading regular expression not regexp_like(AMR0, '^\S+\,\s\S+\,\s\S+\,\s\S+\d+$') or regexp_like(AMR0, '^\d+\,\s\w+$') for parameter bad_format successfully
2012-05-18 02:42:10,085 INFO loading regular expressions for parameter bad_format successfully 
2012-05-18 02:42:20,730 INFO uploading regular expression not regexp_like (SD0, '^\d{13}$') and not regexp_like (SD0, '^\d{4}$') and not regexp_like (SD0, '^\d{8}$') for parameter bad_format successfully
2012-05-18 02:42:20,730 INFO loading regular expressions for parameter bad_format successfully 
2012-05-18 02:42:24,072 INFO loading regular expressions for parameter noise_level successfully 
2012-05-18 02:42:25,530 INFO loading regular expressions for parameter noise_level successfully 
2012-05-18 02:42:38,352 INFO uploading regular expression regexp_like (INN, '\.{2,}|\!{2,}|\@{2,}|\#{2,}|\${2,}|\%{2,}|\^{2,}|\&{2,}|\*{2,}|\({2,}|\){2,}|\_{2,}|\-{2,}|\={2,}|\{2,}{2,}|\\{2,}|\|{2,}|\/{2,}|\-{2,}\;{2,}|\:{2,}') for parameter noise_level successfully
2012-05-18 02:42:38,352 INFO loading regular expressions for parameter noise_level successfully 
2012-05-18 02:42:47,598 INFO uploading regular expression regexp_like (NAIMEN, '\.{2,}|\!{2,}|\@{2,}|\#{2,}|\${2,}|\%{2,}|\^{2,}|\&{2,}|\*{2,}|\({2,}|\){2,}|\_{2,}|\-{2,}|\={2,}|\{2,}{2,}|\\{2,}|\|{2,}|\/{2,}|\-{2,}\;{2,}|\:{2,}') for parameter noise_level successfully
2012-05-18 02:42:47,598 INFO loading regular expressions for parameter noise_level successfully 
2012-05-18 02:42:53,664 INFO uploading regular expression regexp_like (AMR0, '\.{2,}|\!{2,}|\@{2,}|\#{2,}|\${2,}|\%{2,}|\^{2,}|\&{2,}|\*{2,}|\({2,}|\){2,}|\_{2,}|\-{2,}|\={2,}|\{2,}{2,}|\\{2,}|\|{2,}|\/{2,}|\-{2,}\;{2,}|\:{2,}') for parameter noise_level successfully
2012-05-18 02:42:53,664 INFO loading regular expressions for parameter noise_level successfully 
2012-05-18 02:42:58,299 INFO uploading regular expression regexp_like (RG0, '\.{2,}|\!{2,}|\@{2,}|\#{2,}|\${2,}|\%{2,}|\^{2,}|\&{2,}|\*{2,}|\({2,}|\){2,}|\_{2,}|\-{2,}|\={2,}|\{2,}{2,}|\\{2,}|\|{2,}|\/{2,}|\-{2,}\;{2,}|\:{2,}') for parameter noise_level successfully
2012-05-18 02:42:58,299 INFO loading regular expressions for parameter noise_level successfully 
2012-05-18 02:43:02,542 INFO uploading regular expression regexp_like (SD0, '\.{2,}|\!{2,}|\@{2,}|\#{2,}|\${2,}|\%{2,}|\^{2,}|\&{2,}|\*{2,}|\({2,}|\){2,}|\_{2,}|\-{2,}|\={2,}|\{2,}{2,}|\\{2,}|\|{2,}|\/{2,}|\-{2,}\;{2,}|\:{2,}') for parameter noise_level successfully
2012-05-18 02:43:02,542 INFO loading regular expressions for parameter noise_level successfully 
2012-05-18 02:43:04,299 INFO loading regular expressions for parameter identifiability successfully 
2012-05-18 02:43:05,776 INFO loading regular expressions for parameter identifiability successfully 
2012-05-18 02:43:10,265 INFO uploading regular expression (length(INN) = 10 and regexp_like (NAIMEN, '^\О{3}\s\"\w+\"$|O{3}\s\"\w+\"$|\Z\A\O\s\"\w+\"$|\З\А\О\s\"\w+\"$') ) or (length(INN)=12 and (regexp_like(NAIMEN, '%\И\П%') or regexp_like(NAIMEN, '^\D+\s\D+\D+$'))) for parameter identifiability successfully
2012-05-18 02:43:10,265 INFO loading regular expressions for parameter identifiability successfully 
2012-05-18 02:43:11,917 INFO loading regular expressions for parameter harmony successfully 
2012-05-18 02:43:13,404 INFO loading regular expressions for parameter efficiency successfully 
2012-05-18 02:43:14,571 INFO loading regular expressions for parameter inconsistency successfully 
2012-05-18 02:43:16,559 INFO loading regular expressions for parameter no_information successfully 
2012-05-18 02:43:19,634 INFO choose table
2012-05-18 02:43:19,667 INFO list of schemas loaded successfully
2012-05-18 02:43:21,398 INFO list of tables loaded successfully
2012-05-18 02:43:21,398 INFO schema TEST_DIPLOM choosed
2012-05-18 02:43:22,637 INFO table TEST_BAD_1000 choosed
2012-05-18 02:43:23,982 INFO launch edit regexps module
2012-05-18 02:43:24,003 INFO connecting to local database successfully
2012-05-18 02:43:26,997 INFO loading regular expressions for parameter no_information successfully 
2012-05-18 02:43:28,403 INFO loading regular expressions for parameter bad_format successfully 
2012-05-18 02:43:32,319 INFO uploading regular expression not regexp_like (RG0, '^\d{5}$') for parameter no_information successfully
2012-05-18 02:43:32,319 INFO loading regular expressions for parameter no_information successfully 
2012-05-18 02:43:37,289 INFO uploading regular expression not regexp_like(INN, '^\d{12}$') or regexp_like(INN, '^\d{10}$') for parameter no_information successfully
2012-05-18 02:43:37,289 INFO loading regular expressions for parameter no_information successfully 
2012-05-18 02:43:41,601 INFO uploading regular expression not regexp_like(NAIMEN, '^\D{3}\s\"\D+\"$') or regexp_like(NAIMEN, '^\D+\s\D+\s\D+$') for parameter no_information successfully
2012-05-18 02:43:41,601 INFO loading regular expressions for parameter no_information successfully 
2012-05-18 02:43:46,801 INFO uploading regular expression not regexp_like(AMR0, '^\S+\,\s\S+\,\s\S+\,\s\S+\d+$') or regexp_like(AMR0, '^\d+\,\s\w+$') for parameter no_information successfully
2012-05-18 02:43:46,802 INFO loading regular expressions for parameter no_information successfully 
2012-05-18 02:43:51,335 INFO uploading regular expression not regexp_like (SD0, '^\d{13}$') and not regexp_like (SD0, '^\d{4}$') and not regexp_like (SD0, '^\d{8}$') for parameter no_information successfully
2012-05-18 02:43:51,335 INFO loading regular expressions for parameter no_information successfully 
2012-05-18 02:43:53,497 INFO loading regular expressions for parameter noise_level successfully 
2012-05-18 02:43:55,770 INFO loading regular expressions for parameter noise_level successfully 
2012-05-18 02:44:01,513 INFO uploading regular expression regexp_like (INN, '\.{2,}|\!{2,}|\@{2,}|\#{2,}|\${2,}|\%{2,}|\^{2,}|\&{2,}|\*{2,}|\({2,}|\){2,}|\_{2,}|\-{2,}|\={2,}|\{2,}{2,}|\\{2,}|\|{2,}|\/{2,}|\-{2,}\;{2,}|\:{2,}') for parameter noise_level successfully
2012-05-18 02:44:01,513 INFO loading regular expressions for parameter noise_level successfully 
2012-05-18 02:44:08,635 INFO uploading regular expression regexp_like (NAIMEN, '\.{2,}|\!{2,}|\@{2,}|\#{2,}|\${2,}|\%{2,}|\^{2,}|\&{2,}|\*{2,}|\({2,}|\){2,}|\_{2,}|\-{2,}|\={2,}|\{2,}{2,}|\\{2,}|\|{2,}|\/{2,}|\-{2,}\;{2,}|\:{2,}') for parameter noise_level successfully
2012-05-18 02:44:08,635 INFO loading regular expressions for parameter noise_level successfully 
2012-05-18 02:44:16,302 INFO uploading regular expression regexp_like (AMR0, '\.{2,}|\!{2,}|\@{2,}|\#{2,}|\${2,}|\%{2,}|\^{2,}|\&{2,}|\*{2,}|\({2,}|\){2,}|\_{2,}|\-{2,}|\={2,}|\{2,}{2,}|\\{2,}|\|{2,}|\/{2,}|\-{2,}\;{2,}|\:{2,}') for parameter noise_level successfully
2012-05-18 02:44:16,302 INFO loading regular expressions for parameter noise_level successfully 
2012-05-18 02:44:22,680 INFO uploading regular expression regexp_like (RG0, '\.{2,}|\!{2,}|\@{2,}|\#{2,}|\${2,}|\%{2,}|\^{2,}|\&{2,}|\*{2,}|\({2,}|\){2,}|\_{2,}|\-{2,}|\={2,}|\{2,}{2,}|\\{2,}|\|{2,}|\/{2,}|\-{2,}\;{2,}|\:{2,}') for parameter noise_level successfully
2012-05-18 02:44:22,680 INFO loading regular expressions for parameter noise_level successfully 
2012-05-18 02:44:25,592 INFO uploading regular expression regexp_like (SD0, '\.{2,}|\!{2,}|\@{2,}|\#{2,}|\${2,}|\%{2,}|\^{2,}|\&{2,}|\*{2,}|\({2,}|\){2,}|\_{2,}|\-{2,}|\={2,}|\{2,}{2,}|\\{2,}|\|{2,}|\/{2,}|\-{2,}\;{2,}|\:{2,}') for parameter noise_level successfully
2012-05-18 02:44:25,592 INFO loading regular expressions for parameter noise_level successfully 
2012-05-18 02:44:27,668 INFO loading regular expressions for parameter identifiability successfully 
2012-05-18 02:44:30,177 INFO loading regular expressions for parameter identifiability successfully 
2012-05-18 02:44:34,426 INFO uploading regular expression (length(INN) = 10 and regexp_like (NAIMEN, '^\О{3}\s\"\w+\"$|O{3}\s\"\w+\"$|\Z\A\O\s\"\w+\"$|\З\А\О\s\"\w+\"$') ) or (length(INN)=12 and (regexp_like(NAIMEN, '%\И\П%') or regexp_like(NAIMEN, '^\D+\s\D+\D+$'))) for parameter identifiability successfully
2012-05-18 02:44:34,426 INFO loading regular expressions for parameter identifiability successfully 
2012-05-18 02:44:36,259 INFO loading regular expressions for parameter harmony successfully 
2012-05-18 02:44:37,969 INFO loading regular expressions for parameter efficiency successfully 
2012-05-18 02:44:39,647 INFO choose table
2012-05-18 02:44:39,680 INFO list of schemas loaded successfully
2012-05-18 02:44:41,530 INFO list of tables loaded successfully
2012-05-18 02:44:41,530 INFO schema TEST_DIPLOM choosed
2012-05-18 02:44:42,799 INFO table TEST_MIDDLE_1000 choosed
2012-05-18 02:44:43,720 INFO launch edit regexps module
2012-05-18 02:44:43,743 INFO connecting to local database successfully
2012-05-18 02:44:55,365 INFO loading regular expressions for parameter no_information successfully 
2012-05-18 02:44:56,289 INFO loading regular expressions for parameter bad_format successfully 
2012-05-18 02:44:57,654 INFO loading regular expressions for parameter bad_format successfully 
2012-05-18 02:45:01,038 INFO uploading regular expression not regexp_like (RG0, '^\d{5}$') for parameter bad_format successfully
2012-05-18 02:45:01,039 INFO loading regular expressions for parameter bad_format successfully 
2012-05-18 02:45:06,528 INFO uploading regular expression not regexp_like(INN, '^\d{12}$') or regexp_like(INN, '^\d{10}$') for parameter bad_format successfully
2012-05-18 02:45:06,528 INFO loading regular expressions for parameter bad_format successfully 
2012-05-18 02:45:10,394 INFO uploading regular expression not regexp_like(NAIMEN, '^\D{3}\s\"\D+\"$') or regexp_like(NAIMEN, '^\D+\s\D+\s\D+$') for parameter bad_format successfully
2012-05-18 02:45:10,394 INFO loading regular expressions for parameter bad_format successfully 
2012-05-18 02:45:14,394 INFO uploading regular expression not regexp_like(AMR0, '^\S+\,\s\S+\,\s\S+\,\s\S+\d+$') or regexp_like(AMR0, '^\d+\,\s\w+$') for parameter bad_format successfully
2012-05-18 02:45:14,394 INFO loading regular expressions for parameter bad_format successfully 
2012-05-18 02:45:17,872 INFO uploading regular expression not regexp_like (SD0, '^\d{13}$') and not regexp_like (SD0, '^\d{4}$') and not regexp_like (SD0, '^\d{8}$') for parameter bad_format successfully
2012-05-18 02:45:17,872 INFO loading regular expressions for parameter bad_format successfully 
2012-05-18 02:45:19,920 INFO loading regular expressions for parameter bad_format successfully 
2012-05-18 02:45:21,437 INFO loading regular expressions for parameter noise_level successfully 
2012-05-18 02:45:23,707 INFO loading regular expressions for parameter noise_level successfully 
2012-05-18 02:45:27,973 INFO uploading regular expression regexp_like (INN, '\.{2,}|\!{2,}|\@{2,}|\#{2,}|\${2,}|\%{2,}|\^{2,}|\&{2,}|\*{2,}|\({2,}|\){2,}|\_{2,}|\-{2,}|\={2,}|\{2,}{2,}|\\{2,}|\|{2,}|\/{2,}|\-{2,}\;{2,}|\:{2,}') for parameter noise_level successfully
2012-05-18 02:45:27,973 INFO loading regular expressions for parameter noise_level successfully 
2012-05-18 02:45:33,895 INFO uploading regular expression regexp_like (NAIMEN, '\.{2,}|\!{2,}|\@{2,}|\#{2,}|\${2,}|\%{2,}|\^{2,}|\&{2,}|\*{2,}|\({2,}|\){2,}|\_{2,}|\-{2,}|\={2,}|\{2,}{2,}|\\{2,}|\|{2,}|\/{2,}|\-{2,}\;{2,}|\:{2,}') for parameter noise_level successfully
2012-05-18 02:45:33,895 INFO loading regular expressions for parameter noise_level successfully 
2012-05-18 02:45:38,529 INFO uploading regular expression regexp_like (AMR0, '\.{2,}|\!{2,}|\@{2,}|\#{2,}|\${2,}|\%{2,}|\^{2,}|\&{2,}|\*{2,}|\({2,}|\){2,}|\_{2,}|\-{2,}|\={2,}|\{2,}{2,}|\\{2,}|\|{2,}|\/{2,}|\-{2,}\;{2,}|\:{2,}') for parameter noise_level successfully
2012-05-18 02:45:38,529 INFO loading regular expressions for parameter noise_level successfully 
2012-05-18 02:45:45,951 INFO uploading regular expression regexp_like (RG0, '\.{2,}|\!{2,}|\@{2,}|\#{2,}|\${2,}|\%{2,}|\^{2,}|\&{2,}|\*{2,}|\({2,}|\){2,}|\_{2,}|\-{2,}|\={2,}|\{2,}{2,}|\\{2,}|\|{2,}|\/{2,}|\-{2,}\;{2,}|\:{2,}') for parameter noise_level successfully
2012-05-18 02:45:45,953 INFO loading regular expressions for parameter noise_level successfully 
2012-05-18 02:45:50,474 INFO uploading regular expression regexp_like (SD0, '\.{2,}|\!{2,}|\@{2,}|\#{2,}|\${2,}|\%{2,}|\^{2,}|\&{2,}|\*{2,}|\({2,}|\){2,}|\_{2,}|\-{2,}|\={2,}|\{2,}{2,}|\\{2,}|\|{2,}|\/{2,}|\-{2,}\;{2,}|\:{2,}') for parameter noise_level successfully
2012-05-18 02:45:50,474 INFO loading regular expressions for parameter noise_level successfully 
2012-05-18 02:45:52,552 INFO loading regular expressions for parameter identifiability successfully 
2012-05-18 02:45:54,051 INFO loading regular expressions for parameter identifiability successfully 
2012-05-18 02:45:57,982 INFO uploading regular expression (length(INN) = 10 and regexp_like (NAIMEN, '^\О{3}\s\"\w+\"$|O{3}\s\"\w+\"$|\Z\A\O\s\"\w+\"$|\З\А\О\s\"\w+\"$') ) or (length(INN)=12 and (regexp_like(NAIMEN, '%\И\П%') or regexp_like(NAIMEN, '^\D+\s\D+\D+$'))) for parameter identifiability successfully
2012-05-18 02:45:57,982 INFO loading regular expressions for parameter identifiability successfully 
2012-05-18 02:46:07,483 INFO choose table
2012-05-18 02:46:07,516 INFO list of schemas loaded successfully
2012-05-18 02:46:09,407 INFO list of tables loaded successfully
2012-05-18 02:46:09,407 INFO schema TEST_DIPLOM choosed
2012-05-18 02:46:10,426 INFO table TEST_BAD_1000 choosed
2012-05-18 02:46:11,223 INFO table TEST_GOOD_1000 choosed
2012-05-18 02:46:12,676 INFO connecting to local database successfully
2012-05-18 02:46:17,313 INFO loading regular expressions for parameter bad_format successfully 
2012-05-18 02:46:19,884 INFO loading regular expressions for parameter noise_level successfully 
2012-05-18 02:46:22,769 INFO loading regular expressions for parameter identifiability successfully 
2012-05-18 02:46:24,957 INFO loading regular expressions for parameter harmony successfully 
2012-05-18 02:46:35,127 INFO starting calculation data quality model
2012-05-18 02:46:35,127 INFO connecting to local database successfully
2012-05-18 02:46:35,147 INFO loading regular expressions for parameter bad_format successfully 
2012-05-18 02:46:35,203 INFO bad fromat parameter calculation successfully
2012-05-18 02:46:35,204 INFO loading regular expressions for parameter noise_level successfully 
2012-05-18 02:46:37,262 INFO noise level parameter calculation successfully
2012-05-18 02:46:37,262 INFO loading regular expressions for parameter identifiability successfully 
2012-05-18 02:46:37,302 INFO identify parameter calculation successfully
2012-05-18 02:46:37,308 INFO uniq parameter calculation successfully
2012-05-18 02:46:41,631 INFO degree_of_classification parameter not calculated, because there are no catalogs used
2012-05-18 02:46:41,966 INFO calculation successfully
2012-05-18 02:46:52,191 INFO report succesfully done
2012-05-18 02:47:04,523 INFO report succesfully done
2012-05-18 02:47:20,595 INFO choose table
2012-05-18 02:47:20,628 INFO list of schemas loaded successfully
2012-05-18 02:47:22,947 INFO list of tables loaded successfully
2012-05-18 02:47:22,948 INFO schema ARTUR choosed
2012-05-18 02:47:24,891 INFO list of tables loaded successfully
2012-05-18 02:47:24,891 INFO schema TEST_DIPLOM choosed
2012-05-18 02:47:27,194 INFO table TEST_BAD_1000 choosed
2012-05-18 02:47:28,473 INFO connecting to local database successfully
2012-05-18 02:47:34,038 INFO loading regular expressions for parameter no_information successfully 
2012-05-18 02:47:36,609 INFO loading regular expressions for parameter bad_format successfully 
2012-05-18 02:47:42,279 INFO launch edit regexps module
2012-05-18 02:47:42,296 INFO connecting to local database successfully
2012-05-18 02:47:44,476 INFO loading regular expressions for parameter bad_format successfully 
2012-05-18 02:47:45,552 INFO loading regular expressions for parameter no_information successfully 
2012-05-18 02:47:49,884 INFO loading regular expressions for parameter bad_format successfully 
2012-05-18 02:47:51,137 INFO uploading regular expression not regexp_like (RG0, '^\d{5}$') for parameter bad_format successfully
2012-05-18 02:47:51,137 INFO loading regular expressions for parameter bad_format successfully 
2012-05-18 02:47:52,865 INFO loading regular expressions for parameter no_information successfully 
2012-05-18 02:47:57,200 INFO loading regular expressions for parameter bad_format successfully 
2012-05-18 02:47:59,203 INFO uploading regular expression not regexp_like(INN, '^\d{12}$') or regexp_like(INN, '^\d{10}$') for parameter bad_format successfully
2012-05-18 02:47:59,203 INFO loading regular expressions for parameter bad_format successfully 
2012-05-18 02:48:00,332 INFO loading regular expressions for parameter no_information successfully 
2012-05-18 02:48:03,437 INFO loading regular expressions for parameter bad_format successfully 
2012-05-18 02:48:05,315 INFO uploading regular expression not regexp_like(NAIMEN, '^\D{3}\s\"\D+\"$') or regexp_like(NAIMEN, '^\D+\s\D+\s\D+$') for parameter bad_format successfully
2012-05-18 02:48:05,315 INFO loading regular expressions for parameter bad_format successfully 
2012-05-18 02:48:07,108 INFO loading regular expressions for parameter no_information successfully 
2012-05-18 02:48:10,884 INFO loading regular expressions for parameter bad_format successfully 
2012-05-18 02:48:14,415 INFO uploading regular expression not regexp_like(AMR0, '^\S+\,\s\S+\,\s\S+\,\s\S+\d+$') or regexp_like(AMR0, '^\d+\,\s\w+$') for parameter bad_format successfully
2012-05-18 02:48:14,415 INFO loading regular expressions for parameter bad_format successfully 
2012-05-18 02:48:16,078 INFO loading regular expressions for parameter no_information successfully 
2012-05-18 02:48:19,792 INFO loading regular expressions for parameter bad_format successfully 
2012-05-18 02:48:21,737 INFO uploading regular expression not regexp_like (SD0, '^\d{13}$') and not regexp_like (SD0, '^\d{4}$') and not regexp_like (SD0, '^\d{8}$') for parameter bad_format successfully
2012-05-18 02:48:21,739 INFO loading regular expressions for parameter bad_format successfully 
2012-05-18 02:48:24,028 INFO loading regular expressions for parameter bad_format successfully 
2012-05-18 02:48:25,318 INFO loading regular expressions for parameter no_information successfully 
2012-05-18 02:48:27,760 INFO deleting regular expression not regexp_like(AMR0, '^\S+\,\s\S+\,\s\S+\,\s\S+\d+$') or regexp_like(AMR0, '^\d+\,\s\w+$') for parameter no_information successfully
2012-05-18 02:48:27,762 INFO loading regular expressions for parameter no_information successfully 
2012-05-18 02:48:29,171 INFO deleting regular expression not regexp_like (SD0, '^\d{13}$') and not regexp_like (SD0, '^\d{4}$') and not regexp_like (SD0, '^\d{8}$') for parameter no_information successfully
2012-05-18 02:48:29,173 INFO loading regular expressions for parameter no_information successfully 
2012-05-18 02:48:31,206 INFO deleting regular expression not regexp_like(NAIMEN, '^\D{3}\s\"\D+\"$') or regexp_like(NAIMEN, '^\D+\s\D+\s\D+$') for parameter no_information successfully
2012-05-18 02:48:31,206 INFO loading regular expressions for parameter no_information successfully 
2012-05-18 02:48:32,671 INFO deleting regular expression not regexp_like(INN, '^\d{12}$') or regexp_like(INN, '^\d{10}$') for parameter no_information successfully
2012-05-18 02:48:32,673 INFO loading regular expressions for parameter no_information successfully 
2012-05-18 02:48:34,095 INFO deleting regular expression not regexp_like (RG0, '^\d{5}$') for parameter no_information successfully
2012-05-18 02:48:34,095 INFO loading regular expressions for parameter no_information successfully 
2012-05-18 02:48:35,967 INFO connecting to local database successfully
2012-05-18 02:48:42,069 INFO loading regular expressions for parameter no_information successfully 
2012-05-18 02:48:46,229 INFO loading regular expressions for parameter bad_format successfully 
2012-05-18 02:48:48,477 INFO loading regular expressions for parameter noise_level successfully 
2012-05-18 02:48:50,732 INFO loading regular expressions for parameter identifiability successfully 
2012-05-18 02:48:53,035 INFO loading regular expressions for parameter harmony successfully 
2012-05-18 02:49:03,140 INFO starting calculation data quality model
2012-05-18 02:49:03,141 INFO connecting to local database successfully
2012-05-18 02:49:03,158 INFO loading regular expressions for parameter bad_format successfully 
2012-05-18 02:49:03,213 INFO bad fromat parameter calculation successfully
2012-05-18 02:49:03,214 INFO loading regular expressions for parameter noise_level successfully 
2012-05-18 02:49:05,243 INFO noise level parameter calculation successfully
2012-05-18 02:49:05,243 INFO loading regular expressions for parameter identifiability successfully 
2012-05-18 02:49:05,282 INFO identify parameter calculation successfully
2012-05-18 02:49:05,288 INFO uniq parameter calculation successfully
2012-05-18 02:49:07,285 INFO degree_of_classification parameter not calculated, because there are no catalogs used
2012-05-18 02:49:07,411 INFO calculation successfully
2012-05-18 02:49:14,332 INFO starting calculation data quality model
2012-05-18 02:49:14,332 INFO connecting to local database successfully
2012-05-18 02:49:14,509 INFO loading regular expressions for parameter bad_format successfully 
2012-05-18 02:49:14,549 INFO bad fromat parameter calculation successfully
2012-05-18 02:49:14,549 INFO loading regular expressions for parameter noise_level successfully 
2012-05-18 02:49:15,440 INFO noise level parameter calculation successfully
2012-05-18 02:49:15,440 INFO loading regular expressions for parameter identifiability successfully 
2012-05-18 02:49:15,477 INFO identify parameter calculation successfully
2012-05-18 02:49:15,487 INFO uniq parameter calculation successfully
2012-05-18 02:49:18,578 INFO degree_of_classification parameter not calculated, because there are no catalogs used
2012-05-18 02:49:18,831 INFO calculation successfully
2012-05-18 02:49:26,667 INFO report succesfully done
2012-05-18 02:49:28,637 INFO choose table
2012-05-18 02:49:28,670 INFO list of schemas loaded successfully
2012-05-18 02:49:30,204 INFO list of tables loaded successfully
2012-05-18 02:49:30,206 INFO schema TEST_DIPLOM choosed
2012-05-18 02:49:31,138 INFO table TEST_MIDDLE_1000 choosed
2012-05-18 02:49:34,032 INFO starting calculation data quality model
2012-05-18 02:49:34,032 INFO connecting to local database successfully
2012-05-18 02:49:34,200 INFO loading regular expressions for parameter bad_format successfully 
2012-05-18 02:49:34,242 INFO bad fromat parameter calculation successfully
2012-05-18 02:49:34,243 INFO loading regular expressions for parameter noise_level successfully 
2012-05-18 02:49:35,767 INFO noise level parameter calculation successfully
2012-05-18 02:49:35,769 INFO loading regular expressions for parameter identifiability successfully 
2012-05-18 02:49:35,792 INFO identify parameter calculation successfully
2012-05-18 02:49:35,802 INFO uniq parameter calculation successfully
2012-05-18 02:49:35,806 INFO degree_of_classification parameter calculation successfully
2012-05-18 02:49:36,497 INFO calculation successfully
2012-05-18 02:49:45,884 INFO report succesfully done
2012-05-18 02:49:49,953 INFO choose table
2012-05-18 02:49:49,987 INFO list of schemas loaded successfully
2012-05-18 02:49:51,726 INFO list of tables loaded successfully
2012-05-18 02:49:51,726 INFO schema TEST_DIPLOM choosed
2012-05-18 02:49:52,799 INFO table BIG_TEST1 choosed
2012-05-18 02:49:54,022 INFO starting calculation data quality model
2012-05-18 02:49:54,022 INFO connecting to local database successfully
2012-05-18 02:49:54,216 INFO loading regular expressions for parameter bad_format successfully 
2012-05-18 02:49:55,095 INFO bad fromat parameter calculation successfully
2012-05-18 02:49:55,096 INFO loading regular expressions for parameter noise_level successfully 
2012-05-18 02:50:31,019 INFO noise level parameter calculation successfully
2012-05-18 02:50:31,019 INFO loading regular expressions for parameter identifiability successfully 
2012-05-18 02:50:31,029 INFO identify parameter calculation successfully
2012-05-18 02:50:31,088 INFO uniq parameter calculation successfully
2012-05-18 02:50:31,121 INFO degree_of_classification parameter calculation successfully
2012-05-18 02:50:31,233 INFO calculation successfully
2012-05-18 02:53:00,105 INFO connecting to local database successfully
2012-05-18 02:53:06,500 INFO loading regular expressions for parameter no_information successfully 
2012-05-18 02:53:09,494 INFO loading regular expressions for parameter bad_format successfully 
2012-05-18 02:53:12,161 INFO loading regular expressions for parameter noise_level successfully 
2012-05-18 02:53:16,457 INFO loading regular expressions for parameter harmony successfully 
2012-05-18 02:53:25,180 INFO starting calculation data quality model
2012-05-18 02:53:25,181 INFO connecting to local database successfully
2012-05-18 02:53:25,369 INFO loading regular expressions for parameter bad_format successfully 
2012-05-18 02:53:26,259 INFO bad fromat parameter calculation successfully
2012-05-18 02:53:26,259 INFO loading regular expressions for parameter noise_level successfully 
2012-05-18 02:54:02,937 INFO noise level parameter calculation successfully
2012-05-18 02:54:02,938 INFO loading regular expressions for parameter harmony successfully 
2012-05-18 02:54:02,946 INFO harmony parameter calculation successfully
2012-05-18 02:54:02,980 INFO uniq parameter calculation successfully
2012-05-18 02:54:03,013 INFO degree_of_classification parameter calculation successfully
2012-05-18 02:54:03,157 INFO calculation successfully
2012-05-18 02:54:10,276 INFO connecting to local database successfully
2012-05-18 02:54:15,135 INFO loading regular expressions for parameter bad_format successfully 
2012-05-18 02:54:17,292 INFO loading regular expressions for parameter noise_level successfully 
2012-05-18 02:54:19,420 INFO loading regular expressions for parameter identifiability successfully 
2012-05-18 02:54:21,368 INFO loading regular expressions for parameter harmony successfully 
2012-05-18 02:54:29,111 INFO starting calculation data quality model
2012-05-18 02:54:29,111 INFO connecting to local database successfully
2012-05-18 02:54:29,309 INFO loading regular expressions for parameter bad_format successfully 
2012-05-18 02:54:30,223 INFO bad fromat parameter calculation successfully
2012-05-18 02:54:30,223 INFO loading regular expressions for parameter noise_level successfully 
2012-05-18 02:55:06,161 INFO noise level parameter calculation successfully
2012-05-18 02:55:06,161 INFO loading regular expressions for parameter identifiability successfully 
2012-05-18 02:55:06,171 INFO identify parameter calculation successfully
2012-05-18 02:55:06,171 INFO loading regular expressions for parameter harmony successfully 
2012-05-18 02:55:06,178 INFO harmony parameter calculation successfully
2012-05-18 02:55:06,230 INFO uniq parameter calculation successfully
2012-05-18 02:55:06,263 INFO degree_of_classification parameter calculation successfully
2012-05-18 02:55:06,382 INFO calculation successfully
2012-05-18 02:55:55,098 INFO report succesfully done
2012-05-18 02:56:38,440 INFO choose table
2012-05-18 02:56:38,476 INFO list of schemas loaded successfully
2012-05-18 02:56:39,937 INFO list of tables loaded successfully
2012-05-18 02:56:39,937 INFO schema TEST_DIPLOM choosed
2012-05-18 02:56:42,285 INFO table BIG_TEST2 choosed
2012-05-18 02:56:45,451 INFO connecting to local database successfully
2012-05-18 02:56:53,507 INFO loading regular expressions for parameter bad_format successfully 
2012-05-18 02:56:55,907 INFO loading regular expressions for parameter noise_level successfully 
2012-05-18 02:56:58,095 INFO loading regular expressions for parameter identifiability successfully 
2012-05-18 02:57:00,436 INFO loading regular expressions for parameter harmony successfully 
2012-05-18 02:57:16,107 INFO starting calculation data quality model
2012-05-18 02:57:16,107 INFO connecting to local database successfully
2012-05-18 02:57:17,427 INFO loading regular expressions for parameter bad_format successfully 
2012-05-18 02:57:22,128 INFO bad fromat parameter calculation successfully
2012-05-18 02:57:22,128 INFO loading regular expressions for parameter noise_level successfully 
2012-05-18 03:00:28,426 INFO noise level parameter calculation successfully
2012-05-18 03:00:28,426 INFO loading regular expressions for parameter identifiability successfully 
2012-05-18 03:00:32,322 INFO identify parameter calculation successfully
2012-05-18 03:00:32,378 INFO uniq parameter calculation successfully
2012-05-18 03:00:32,437 INFO degree_of_classification parameter calculation successfully
2012-05-18 03:00:32,578 INFO calculation successfully
2012-05-18 03:00:41,015 INFO report succesfully done
